<?xml version="1.0" encoding="UTF-8"?>
<!-- Generated by org.testng.reporters.JUnitReportReporter -->
<testsuite hostname="Damir" name="com.project.e2e.MainPageAdminTest" tests="1" failures="0" timestamp="28 Jan 2019 17:33:25 GMT" time="13.553" errors="0">
  <testcase name="testDisplayLine" time="13.553" classname="com.project.e2e.MainPageAdminTest"/>
</testsuite> <!-- com.project.e2e.MainPageAdminTest -->
