<?xml version="1.0" encoding="UTF-8"?>
<!-- Generated by org.testng.reporters.JUnitReportReporter -->
<testsuite hostname="Dell-PC" name="com.project.e2e.MainPageAdminTest" tests="1" failures="0" timestamp="28 Jan 2019 19:35:20 GMT" time="32.516" errors="0">
  <testcase name="testDisplayLine" time="32.516" classname="com.project.e2e.MainPageAdminTest"/>
</testsuite> <!-- com.project.e2e.MainPageAdminTest -->
